14/02/2024 15:05:10---------------------------------------------------------------------------------
14/02/2024 15:05:10-Drive : S - Tempo : 300 - fichier : $_wakeUp - language : french - esssai : 10
14/02/2024 15:05:10---------------------------------------------------------------------------------
14/02/2024 15:05:10-Initialisation de la temporisation
14/02/2024 15:05:10-Tentative d'accès au lecteur S:\$_isRuning.txt (1 / 10)
14/02/2024 15:05:10-Lancement de la temporisation
14/02/2024 15:05:10-Création du fichier :S:\$_wakeUp_1.txt
14/02/2024 15:05:10-Tentative d'accès au lecteur S:\$_wakeUp_1.txt (1 / 10)
14/02/2024 15:10:10-Suppression du fichier :S:\$_wakeUp_1.txt
14/02/2024 15:10:10-Création du fichier :S:\$_wakeUp_2.txt
14/02/2024 15:10:10-Tentative d'accès au lecteur S:\$_wakeUp_2.txt (1 / 10)
14/02/2024 15:15:11-Suppression du fichier :S:\$_wakeUp_2.txt
14/02/2024 15:15:11-Création du fichier :S:\$_wakeUp_3.txt
14/02/2024 15:15:11-Tentative d'accès au lecteur S:\$_wakeUp_3.txt (1 / 10)
14/02/2024 15:20:11-Suppression du fichier :S:\$_wakeUp_3.txt
14/02/2024 15:20:11-Création du fichier :S:\$_wakeUp_4.txt
14/02/2024 15:20:11-Tentative d'accès au lecteur S:\$_wakeUp_4.txt (1 / 10)
14/02/2024 15:25:11-Suppression du fichier :S:\$_wakeUp_4.txt
14/02/2024 15:25:11-Création du fichier :S:\$_wakeUp_5.txt
14/02/2024 15:25:11-Tentative d'accès au lecteur S:\$_wakeUp_5.txt (1 / 10)
14/02/2024 15:30:11-Suppression du fichier :S:\$_wakeUp_5.txt
14/02/2024 15:30:11-Création du fichier :S:\$_wakeUp_6.txt
14/02/2024 15:30:11-Tentative d'accès au lecteur S:\$_wakeUp_6.txt (1 / 10)
14/02/2024 15:35:11-Suppression du fichier :S:\$_wakeUp_6.txt
14/02/2024 15:35:11-Création du fichier :S:\$_wakeUp_7.txt
14/02/2024 15:35:11-Tentative d'accès au lecteur S:\$_wakeUp_7.txt (1 / 10)
14/02/2024 15:40:11-Suppression du fichier :S:\$_wakeUp_7.txt
14/02/2024 15:40:11-Création du fichier :S:\$_wakeUp_8.txt
14/02/2024 15:40:11-Tentative d'accès au lecteur S:\$_wakeUp_8.txt (1 / 10)
14/02/2024 15:45:12-Suppression du fichier :S:\$_wakeUp_8.txt
14/02/2024 15:45:12-Création du fichier :S:\$_wakeUp_9.txt
14/02/2024 15:45:12-Tentative d'accès au lecteur S:\$_wakeUp_9.txt (1 / 10)
14/02/2024 15:50:12-Suppression du fichier :S:\$_wakeUp_9.txt
14/02/2024 15:50:12-Création du fichier :S:\$_wakeUp_10.txt
14/02/2024 15:50:12-Tentative d'accès au lecteur S:\$_wakeUp_10.txt (1 / 10)
14/02/2024 15:55:12-Suppression du fichier :S:\$_wakeUp_10.txt
14/02/2024 15:55:12-Création du fichier :S:\$_wakeUp_11.txt
14/02/2024 15:55:12-Tentative d'accès au lecteur S:\$_wakeUp_11.txt (1 / 10)
14/02/2024 16:00:12-Suppression du fichier :S:\$_wakeUp_11.txt
14/02/2024 16:00:12-Création du fichier :S:\$_wakeUp_12.txt
14/02/2024 16:00:12-Tentative d'accès au lecteur S:\$_wakeUp_12.txt (1 / 10)
14/02/2024 16:05:12-Suppression du fichier :S:\$_wakeUp_12.txt
14/02/2024 16:05:12-Création du fichier :S:\$_wakeUp_13.txt
14/02/2024 16:05:12-Tentative d'accès au lecteur S:\$_wakeUp_13.txt (1 / 10)
14/02/2024 16:10:12-Suppression du fichier :S:\$_wakeUp_13.txt
14/02/2024 16:10:12-Création du fichier :S:\$_wakeUp_14.txt
14/02/2024 16:10:12-Tentative d'accès au lecteur S:\$_wakeUp_14.txt (1 / 10)
14/02/2024 16:15:13-Suppression du fichier :S:\$_wakeUp_14.txt
14/02/2024 16:15:13-Création du fichier :S:\$_wakeUp_15.txt
14/02/2024 16:15:13-Tentative d'accès au lecteur S:\$_wakeUp_15.txt (1 / 10)
14/02/2024 16:20:13-Suppression du fichier :S:\$_wakeUp_15.txt
14/02/2024 16:20:13-Création du fichier :S:\$_wakeUp_16.txt
14/02/2024 16:20:13-Tentative d'accès au lecteur S:\$_wakeUp_16.txt (1 / 10)
14/02/2024 16:25:13-Suppression du fichier :S:\$_wakeUp_16.txt
14/02/2024 16:25:13-Création du fichier :S:\$_wakeUp_17.txt
14/02/2024 16:25:13-Tentative d'accès au lecteur S:\$_wakeUp_17.txt (1 / 10)
14/02/2024 16:30:13-Suppression du fichier :S:\$_wakeUp_17.txt
14/02/2024 16:30:13-Création du fichier :S:\$_wakeUp_18.txt
14/02/2024 16:30:13-Tentative d'accès au lecteur S:\$_wakeUp_18.txt (1 / 10)
14/02/2024 16:35:13-Suppression du fichier :S:\$_wakeUp_18.txt
14/02/2024 16:35:13-Création du fichier :S:\$_wakeUp_19.txt
14/02/2024 16:35:13-Tentative d'accès au lecteur S:\$_wakeUp_19.txt (1 / 10)
14/02/2024 16:40:13-Suppression du fichier :S:\$_wakeUp_19.txt
14/02/2024 16:40:13-Création du fichier :S:\$_wakeUp_20.txt
14/02/2024 16:40:13-Tentative d'accès au lecteur S:\$_wakeUp_20.txt (1 / 10)
14/02/2024 16:45:14-Suppression du fichier :S:\$_wakeUp_20.txt
14/02/2024 16:45:14-Création du fichier :S:\$_wakeUp_21.txt
14/02/2024 16:45:14-Tentative d'accès au lecteur S:\$_wakeUp_21.txt (1 / 10)
14/02/2024 16:50:14-Suppression du fichier :S:\$_wakeUp_21.txt
14/02/2024 16:50:14-Création du fichier :S:\$_wakeUp_22.txt
14/02/2024 16:50:14-Tentative d'accès au lecteur S:\$_wakeUp_22.txt (1 / 10)
14/02/2024 16:55:14-Suppression du fichier :S:\$_wakeUp_22.txt
14/02/2024 16:55:14-Création du fichier :S:\$_wakeUp_23.txt
14/02/2024 16:55:14-Tentative d'accès au lecteur S:\$_wakeUp_23.txt (1 / 10)
14/02/2024 17:00:14-Suppression du fichier :S:\$_wakeUp_23.txt
14/02/2024 17:00:14-Création du fichier :S:\$_wakeUp_24.txt
14/02/2024 17:00:14-Tentative d'accès au lecteur S:\$_wakeUp_24.txt (1 / 10)
