10/03/2024 09:17:49---------------------------------------------------------------------------------
10/03/2024 09:17:49-Drive : S - Tempo : 300 - fichier : $_wakeUp - language : french - esssai : 10
10/03/2024 09:17:49---------------------------------------------------------------------------------
10/03/2024 09:17:49-Initialisation de la temporisation
10/03/2024 09:17:49-Tentative d'accès au lecteur S:\$_isRuning.txt (1 / 10)
10/03/2024 09:17:49-Lancement de la temporisation
10/03/2024 09:17:49-Création du fichier :S:\$_wakeUp_1.txt
10/03/2024 09:17:49-Tentative d'accès au lecteur S:\$_wakeUp_1.txt (1 / 10)
10/03/2024 09:22:49-Suppression du fichier :S:\$_wakeUp_1.txt
10/03/2024 09:22:49-Création du fichier :S:\$_wakeUp_2.txt
10/03/2024 09:22:49-Tentative d'accès au lecteur S:\$_wakeUp_2.txt (1 / 10)
10/03/2024 09:27:49-Suppression du fichier :S:\$_wakeUp_2.txt
10/03/2024 09:27:49-Création du fichier :S:\$_wakeUp_3.txt
10/03/2024 09:27:49-Tentative d'accès au lecteur S:\$_wakeUp_3.txt (1 / 10)
10/03/2024 09:32:50-Suppression du fichier :S:\$_wakeUp_3.txt
10/03/2024 09:32:50-Création du fichier :S:\$_wakeUp_4.txt
10/03/2024 09:32:50-Tentative d'accès au lecteur S:\$_wakeUp_4.txt (1 / 10)
10/03/2024 09:37:50-Suppression du fichier :S:\$_wakeUp_4.txt
10/03/2024 09:37:50-Création du fichier :S:\$_wakeUp_5.txt
10/03/2024 09:37:50-Tentative d'accès au lecteur S:\$_wakeUp_5.txt (1 / 10)
10/03/2024 09:42:50-Suppression du fichier :S:\$_wakeUp_5.txt
10/03/2024 09:42:50-Création du fichier :S:\$_wakeUp_6.txt
10/03/2024 09:42:50-Tentative d'accès au lecteur S:\$_wakeUp_6.txt (1 / 10)
10/03/2024 09:47:50-Suppression du fichier :S:\$_wakeUp_6.txt
10/03/2024 09:47:50-Création du fichier :S:\$_wakeUp_7.txt
10/03/2024 09:47:50-Tentative d'accès au lecteur S:\$_wakeUp_7.txt (1 / 10)
10/03/2024 09:52:50-Suppression du fichier :S:\$_wakeUp_7.txt
10/03/2024 09:52:50-Création du fichier :S:\$_wakeUp_8.txt
10/03/2024 09:52:50-Tentative d'accès au lecteur S:\$_wakeUp_8.txt (1 / 10)
10/03/2024 09:57:51-Suppression du fichier :S:\$_wakeUp_8.txt
10/03/2024 09:57:51-Création du fichier :S:\$_wakeUp_9.txt
10/03/2024 09:57:51-Tentative d'accès au lecteur S:\$_wakeUp_9.txt (1 / 10)
10/03/2024 10:02:51-Suppression du fichier :S:\$_wakeUp_9.txt
10/03/2024 10:02:51-Création du fichier :S:\$_wakeUp_10.txt
10/03/2024 10:02:51-Tentative d'accès au lecteur S:\$_wakeUp_10.txt (1 / 10)
10/03/2024 10:07:51-Suppression du fichier :S:\$_wakeUp_10.txt
10/03/2024 10:07:51-Création du fichier :S:\$_wakeUp_11.txt
10/03/2024 10:07:51-Tentative d'accès au lecteur S:\$_wakeUp_11.txt (1 / 10)
10/03/2024 10:12:51-Suppression du fichier :S:\$_wakeUp_11.txt
10/03/2024 10:12:51-Création du fichier :S:\$_wakeUp_12.txt
10/03/2024 10:12:51-Tentative d'accès au lecteur S:\$_wakeUp_12.txt (1 / 10)
10/03/2024 10:17:51-Suppression du fichier :S:\$_wakeUp_12.txt
10/03/2024 10:17:51-Création du fichier :S:\$_wakeUp_13.txt
10/03/2024 10:17:51-Tentative d'accès au lecteur S:\$_wakeUp_13.txt (1 / 10)
10/03/2024 10:22:52-Suppression du fichier :S:\$_wakeUp_13.txt
10/03/2024 10:22:52-Création du fichier :S:\$_wakeUp_14.txt
10/03/2024 10:22:52-Tentative d'accès au lecteur S:\$_wakeUp_14.txt (1 / 10)
10/03/2024 10:27:52-Suppression du fichier :S:\$_wakeUp_14.txt
10/03/2024 10:27:52-Création du fichier :S:\$_wakeUp_15.txt
10/03/2024 10:27:52-Tentative d'accès au lecteur S:\$_wakeUp_15.txt (1 / 10)
10/03/2024 10:32:52-Suppression du fichier :S:\$_wakeUp_15.txt
10/03/2024 10:32:52-Création du fichier :S:\$_wakeUp_16.txt
10/03/2024 10:32:52-Tentative d'accès au lecteur S:\$_wakeUp_16.txt (1 / 10)
10/03/2024 10:37:52-Suppression du fichier :S:\$_wakeUp_16.txt
10/03/2024 10:37:52-Création du fichier :S:\$_wakeUp_17.txt
10/03/2024 10:37:52-Tentative d'accès au lecteur S:\$_wakeUp_17.txt (1 / 10)
10/03/2024 10:42:52-Suppression du fichier :S:\$_wakeUp_17.txt
10/03/2024 10:42:52-Création du fichier :S:\$_wakeUp_18.txt
10/03/2024 10:42:52-Tentative d'accès au lecteur S:\$_wakeUp_18.txt (1 / 10)
10/03/2024 10:47:53-Suppression du fichier :S:\$_wakeUp_18.txt
10/03/2024 10:47:53-Création du fichier :S:\$_wakeUp_19.txt
10/03/2024 10:47:53-Tentative d'accès au lecteur S:\$_wakeUp_19.txt (1 / 10)
10/03/2024 10:52:53-Suppression du fichier :S:\$_wakeUp_19.txt
10/03/2024 10:52:53-Création du fichier :S:\$_wakeUp_20.txt
10/03/2024 10:52:53-Tentative d'accès au lecteur S:\$_wakeUp_20.txt (1 / 10)
10/03/2024 10:57:53-Suppression du fichier :S:\$_wakeUp_20.txt
10/03/2024 10:57:53-Création du fichier :S:\$_wakeUp_21.txt
10/03/2024 10:57:53-Tentative d'accès au lecteur S:\$_wakeUp_21.txt (1 / 10)
10/03/2024 11:02:53-Suppression du fichier :S:\$_wakeUp_21.txt
10/03/2024 11:02:53-Création du fichier :S:\$_wakeUp_22.txt
10/03/2024 11:02:53-Tentative d'accès au lecteur S:\$_wakeUp_22.txt (1 / 10)
10/03/2024 11:07:53-Suppression du fichier :S:\$_wakeUp_22.txt
10/03/2024 11:07:53-Création du fichier :S:\$_wakeUp_23.txt
10/03/2024 11:07:53-Tentative d'accès au lecteur S:\$_wakeUp_23.txt (1 / 10)
10/03/2024 11:12:53-Suppression du fichier :S:\$_wakeUp_23.txt
10/03/2024 11:12:53-Création du fichier :S:\$_wakeUp_24.txt
10/03/2024 11:12:53-Tentative d'accès au lecteur S:\$_wakeUp_24.txt (1 / 10)
10/03/2024 11:17:54-Suppression du fichier :S:\$_wakeUp_24.txt
10/03/2024 11:17:54-Création du fichier :S:\$_wakeUp_25.txt
10/03/2024 11:17:54-Tentative d'accès au lecteur S:\$_wakeUp_25.txt (1 / 10)
10/03/2024 11:22:54-Suppression du fichier :S:\$_wakeUp_25.txt
10/03/2024 11:22:54-Création du fichier :S:\$_wakeUp_26.txt
10/03/2024 11:22:54-Tentative d'accès au lecteur S:\$_wakeUp_26.txt (1 / 10)
10/03/2024 11:27:54-Suppression du fichier :S:\$_wakeUp_26.txt
10/03/2024 11:27:54-Création du fichier :S:\$_wakeUp_27.txt
10/03/2024 11:27:54-Tentative d'accès au lecteur S:\$_wakeUp_27.txt (1 / 10)
10/03/2024 11:32:54-Suppression du fichier :S:\$_wakeUp_27.txt
10/03/2024 11:32:54-Création du fichier :S:\$_wakeUp_28.txt
10/03/2024 11:32:54-Tentative d'accès au lecteur S:\$_wakeUp_28.txt (1 / 10)
10/03/2024 11:37:55-Suppression du fichier :S:\$_wakeUp_28.txt
10/03/2024 11:37:55-Création du fichier :S:\$_wakeUp_29.txt
10/03/2024 11:37:55-Tentative d'accès au lecteur S:\$_wakeUp_29.txt (1 / 10)
10/03/2024 11:42:55-Suppression du fichier :S:\$_wakeUp_29.txt
10/03/2024 11:42:55-Création du fichier :S:\$_wakeUp_30.txt
10/03/2024 11:42:55-Tentative d'accès au lecteur S:\$_wakeUp_30.txt (1 / 10)
10/03/2024 11:47:55-Suppression du fichier :S:\$_wakeUp_30.txt
10/03/2024 11:47:55-Création du fichier :S:\$_wakeUp_31.txt
10/03/2024 11:47:55-Tentative d'accès au lecteur S:\$_wakeUp_31.txt (1 / 10)
10/03/2024 11:52:55-Suppression du fichier :S:\$_wakeUp_31.txt
10/03/2024 11:52:55-Création du fichier :S:\$_wakeUp_32.txt
10/03/2024 11:52:55-Tentative d'accès au lecteur S:\$_wakeUp_32.txt (1 / 10)
10/03/2024 11:57:55-Suppression du fichier :S:\$_wakeUp_32.txt
10/03/2024 11:57:55-Création du fichier :S:\$_wakeUp_33.txt
10/03/2024 11:57:55-Tentative d'accès au lecteur S:\$_wakeUp_33.txt (1 / 10)
10/03/2024 12:02:55-Suppression du fichier :S:\$_wakeUp_33.txt
10/03/2024 12:02:55-Création du fichier :S:\$_wakeUp_34.txt
10/03/2024 12:02:55-Tentative d'accès au lecteur S:\$_wakeUp_34.txt (1 / 10)
10/03/2024 12:07:56-Suppression du fichier :S:\$_wakeUp_34.txt
10/03/2024 12:07:56-Création du fichier :S:\$_wakeUp_35.txt
10/03/2024 12:07:56-Tentative d'accès au lecteur S:\$_wakeUp_35.txt (1 / 10)
10/03/2024 12:12:56-Suppression du fichier :S:\$_wakeUp_35.txt
10/03/2024 12:12:56-Création du fichier :S:\$_wakeUp_36.txt
10/03/2024 12:12:56-Tentative d'accès au lecteur S:\$_wakeUp_36.txt (1 / 10)
10/03/2024 12:17:56-Suppression du fichier :S:\$_wakeUp_36.txt
10/03/2024 12:17:56-Création du fichier :S:\$_wakeUp_37.txt
10/03/2024 12:17:56-Tentative d'accès au lecteur S:\$_wakeUp_37.txt (1 / 10)
10/03/2024 12:22:56-Suppression du fichier :S:\$_wakeUp_37.txt
10/03/2024 12:22:56-Création du fichier :S:\$_wakeUp_38.txt
10/03/2024 12:22:56-Tentative d'accès au lecteur S:\$_wakeUp_38.txt (1 / 10)
10/03/2024 12:27:56-Suppression du fichier :S:\$_wakeUp_38.txt
10/03/2024 12:27:56-Création du fichier :S:\$_wakeUp_39.txt
10/03/2024 12:27:56-Tentative d'accès au lecteur S:\$_wakeUp_39.txt (1 / 10)
10/03/2024 12:32:57-Suppression du fichier :S:\$_wakeUp_39.txt
10/03/2024 12:32:57-Création du fichier :S:\$_wakeUp_40.txt
10/03/2024 12:32:57-Tentative d'accès au lecteur S:\$_wakeUp_40.txt (1 / 10)
10/03/2024 12:37:57-Suppression du fichier :S:\$_wakeUp_40.txt
10/03/2024 12:37:57-Création du fichier :S:\$_wakeUp_41.txt
10/03/2024 12:37:57-Tentative d'accès au lecteur S:\$_wakeUp_41.txt (1 / 10)
10/03/2024 12:42:57-Suppression du fichier :S:\$_wakeUp_41.txt
10/03/2024 12:42:57-Création du fichier :S:\$_wakeUp_42.txt
10/03/2024 12:42:57-Tentative d'accès au lecteur S:\$_wakeUp_42.txt (1 / 10)
10/03/2024 12:47:57-Suppression du fichier :S:\$_wakeUp_42.txt
10/03/2024 12:47:57-Création du fichier :S:\$_wakeUp_43.txt
10/03/2024 12:47:57-Tentative d'accès au lecteur S:\$_wakeUp_43.txt (1 / 10)
10/03/2024 12:52:57-Suppression du fichier :S:\$_wakeUp_43.txt
10/03/2024 12:52:57-Création du fichier :S:\$_wakeUp_44.txt
10/03/2024 12:52:57-Tentative d'accès au lecteur S:\$_wakeUp_44.txt (1 / 10)
10/03/2024 12:57:58-Suppression du fichier :S:\$_wakeUp_44.txt
10/03/2024 12:57:58-Création du fichier :S:\$_wakeUp_45.txt
10/03/2024 12:57:58-Tentative d'accès au lecteur S:\$_wakeUp_45.txt (1 / 10)
10/03/2024 13:02:58-Suppression du fichier :S:\$_wakeUp_45.txt
10/03/2024 13:02:58-Création du fichier :S:\$_wakeUp_46.txt
10/03/2024 13:02:58-Tentative d'accès au lecteur S:\$_wakeUp_46.txt (1 / 10)
10/03/2024 13:07:58-Suppression du fichier :S:\$_wakeUp_46.txt
10/03/2024 13:07:58-Création du fichier :S:\$_wakeUp_47.txt
10/03/2024 13:07:58-Tentative d'accès au lecteur S:\$_wakeUp_47.txt (1 / 10)
10/03/2024 13:12:58-Suppression du fichier :S:\$_wakeUp_47.txt
10/03/2024 13:12:58-Création du fichier :S:\$_wakeUp_48.txt
10/03/2024 13:12:58-Tentative d'accès au lecteur S:\$_wakeUp_48.txt (1 / 10)
10/03/2024 13:17:58-Suppression du fichier :S:\$_wakeUp_48.txt
10/03/2024 13:17:58-Création du fichier :S:\$_wakeUp_49.txt
10/03/2024 13:17:58-Tentative d'accès au lecteur S:\$_wakeUp_49.txt (1 / 10)
10/03/2024 13:22:59-Suppression du fichier :S:\$_wakeUp_49.txt
10/03/2024 13:22:59-Création du fichier :S:\$_wakeUp_50.txt
10/03/2024 13:22:59-Tentative d'accès au lecteur S:\$_wakeUp_50.txt (1 / 10)
10/03/2024 13:27:59-Suppression du fichier :S:\$_wakeUp_50.txt
10/03/2024 13:27:59-Création du fichier :S:\$_wakeUp_51.txt
10/03/2024 13:27:59-Tentative d'accès au lecteur S:\$_wakeUp_51.txt (1 / 10)
10/03/2024 13:32:59-Suppression du fichier :S:\$_wakeUp_51.txt
10/03/2024 13:32:59-Création du fichier :S:\$_wakeUp_52.txt
10/03/2024 13:32:59-Tentative d'accès au lecteur S:\$_wakeUp_52.txt (1 / 10)
10/03/2024 13:37:59-Suppression du fichier :S:\$_wakeUp_52.txt
10/03/2024 13:37:59-Création du fichier :S:\$_wakeUp_53.txt
10/03/2024 13:37:59-Tentative d'accès au lecteur S:\$_wakeUp_53.txt (1 / 10)
10/03/2024 13:42:59-Suppression du fichier :S:\$_wakeUp_53.txt
10/03/2024 13:42:59-Création du fichier :S:\$_wakeUp_54.txt
10/03/2024 13:42:59-Tentative d'accès au lecteur S:\$_wakeUp_54.txt (1 / 10)
10/03/2024 13:48:00-Suppression du fichier :S:\$_wakeUp_54.txt
10/03/2024 13:48:00-Création du fichier :S:\$_wakeUp_55.txt
10/03/2024 13:48:00-Tentative d'accès au lecteur S:\$_wakeUp_55.txt (1 / 10)
10/03/2024 13:53:00-Suppression du fichier :S:\$_wakeUp_55.txt
10/03/2024 13:53:00-Création du fichier :S:\$_wakeUp_56.txt
10/03/2024 13:53:00-Tentative d'accès au lecteur S:\$_wakeUp_56.txt (1 / 10)
10/03/2024 13:58:00-Suppression du fichier :S:\$_wakeUp_56.txt
10/03/2024 13:58:00-Création du fichier :S:\$_wakeUp_57.txt
10/03/2024 13:58:00-Tentative d'accès au lecteur S:\$_wakeUp_57.txt (1 / 10)
10/03/2024 14:03:00-Suppression du fichier :S:\$_wakeUp_57.txt
10/03/2024 14:03:00-Création du fichier :S:\$_wakeUp_58.txt
10/03/2024 14:03:00-Tentative d'accès au lecteur S:\$_wakeUp_58.txt (1 / 10)
10/03/2024 14:08:00-Suppression du fichier :S:\$_wakeUp_58.txt
10/03/2024 14:08:00-Création du fichier :S:\$_wakeUp_59.txt
10/03/2024 14:08:00-Tentative d'accès au lecteur S:\$_wakeUp_59.txt (1 / 10)
10/03/2024 14:13:01-Suppression du fichier :S:\$_wakeUp_59.txt
10/03/2024 14:13:01-Création du fichier :S:\$_wakeUp_60.txt
10/03/2024 14:13:01-Tentative d'accès au lecteur S:\$_wakeUp_60.txt (1 / 10)
10/03/2024 14:18:01-Suppression du fichier :S:\$_wakeUp_60.txt
10/03/2024 14:18:01-Création du fichier :S:\$_wakeUp_61.txt
10/03/2024 14:18:01-Tentative d'accès au lecteur S:\$_wakeUp_61.txt (1 / 10)
10/03/2024 14:23:01-Suppression du fichier :S:\$_wakeUp_61.txt
10/03/2024 14:23:01-Création du fichier :S:\$_wakeUp_62.txt
10/03/2024 14:23:01-Tentative d'accès au lecteur S:\$_wakeUp_62.txt (1 / 10)
10/03/2024 14:28:01-Suppression du fichier :S:\$_wakeUp_62.txt
10/03/2024 14:28:01-Création du fichier :S:\$_wakeUp_63.txt
10/03/2024 14:28:01-Tentative d'accès au lecteur S:\$_wakeUp_63.txt (1 / 10)
10/03/2024 14:33:01-Suppression du fichier :S:\$_wakeUp_63.txt
10/03/2024 14:33:01-Création du fichier :S:\$_wakeUp_64.txt
10/03/2024 14:33:01-Tentative d'accès au lecteur S:\$_wakeUp_64.txt (1 / 10)
10/03/2024 14:34:05-Arrêt de la temporisation, veuillez patienter !
10/03/2024 14:34:05-Suppression du fichier :S:\$_isRuning.txt
10/03/2024 14:34:05-Suppression du fichier :S:\$_isRuning.txt
10/03/2024 14:38:02-Arrêt du processus
10/03/2024 14:38:02-Suppression du fichier :S:\$_wakeUp_64.txt
10/03/2024 14:38:02-Fin de la temporisation
