13/03/2024 00:04:35-initTemporisation-Initialisation de la temporisation
13/03/2024 00:04:35-runTemporisation_multi-lstDrives : RST
13/03/2024 00:04:35-runTemporisation_multi-drive : R
13/03/2024 00:04:35-createFile-createFile-1
13/03/2024 00:04:35-createFile-2
13/03/2024 00:04:35-createFile-Tentative d'accès au lecteur R:\$_isRuning.txt (1 / 2)
13/03/2024 00:04:35-createFile-3
13/03/2024 00:04:35-createFile-4===>R:\$_isRuning.txt
13/03/2024 00:04:35-createFile zz-5===>R:\$_isRuning.txt
13/03/2024 00:04:35-isRuning-ok : R:\$_isRuning.txt
13/03/2024 00:04:35-runTemporisation_multi-drive : S
13/03/2024 00:04:35-createFile-createFile-1
13/03/2024 00:04:35-createFile-2
13/03/2024 00:04:35-createFile-Tentative d'accès au lecteur S:\$_isRuning.txt (1 / 2)
13/03/2024 00:04:35-createFile-3
13/03/2024 00:04:35-createFile-4===>S:\$_isRuning.txt
13/03/2024 00:04:35-createFile zz-5===>S:\$_isRuning.txt
13/03/2024 00:04:35-isRuning-ok : S:\$_isRuning.txt
13/03/2024 00:04:35-runTemporisation_multi-drive : T
13/03/2024 00:04:35-createFile-createFile-1
13/03/2024 00:04:35-createFile-2
13/03/2024 00:04:35-createFile-Tentative d'accès au lecteur T:\$_isRuning.txt (1 / 2)
13/03/2024 00:04:35-createFile-3
13/03/2024 00:04:35-createFile-4===>T:\$_isRuning.txt
13/03/2024 00:04:35-createFile zz-5===>T:\$_isRuning.txt
13/03/2024 00:04:35-isRuning-ok : T:\$_isRuning.txt
13/03/2024 00:04:37-runTemporisation_multi-lstDrives ok : RST
13/03/2024 00:04:37-runTemporisation_ok-lstDrives ok : RST
13/03/2024 00:04:37-runTemporisation_ok-R:\$_wakeUp_1.txt
13/03/2024 00:04:37-createFile-createFile-1
13/03/2024 00:04:37-createFile-2
13/03/2024 00:04:37-createFile-Tentative d'accès au lecteur R:\$_wakeUp_1.txt (1 / 2)
13/03/2024 00:04:37-createFile-3
13/03/2024 00:04:37-createFile-4===>R:\$_wakeUp_1.txt
13/03/2024 00:04:37-createFile zz-5===>R:\$_wakeUp_1.txt
13/03/2024 00:04:44-runTemporisation_ok-Suppression du fichier :R:\$_wakeUp_1.txt
13/03/2024 00:04:44-runTemporisation_ok-S:\$_wakeUp_1.txt
13/03/2024 00:04:44-createFile-createFile-1
13/03/2024 00:04:44-createFile-2
13/03/2024 00:04:44-createFile-Tentative d'accès au lecteur S:\$_wakeUp_1.txt (1 / 2)
13/03/2024 00:04:44-createFile-3
13/03/2024 00:04:44-createFile-4===>S:\$_wakeUp_1.txt
13/03/2024 00:04:44-createFile zz-5===>S:\$_wakeUp_1.txt
13/03/2024 00:04:55-runTemporisation_ok-Suppression du fichier :S:\$_wakeUp_1.txt
13/03/2024 00:04:55-runTemporisation_ok-T:\$_wakeUp_1.txt
13/03/2024 00:04:55-createFile-createFile-1
13/03/2024 00:04:55-createFile-2
13/03/2024 00:04:55-createFile-Tentative d'accès au lecteur T:\$_wakeUp_1.txt (1 / 2)
13/03/2024 00:04:55-createFile-3
13/03/2024 00:04:55-createFile-4===>T:\$_wakeUp_1.txt
13/03/2024 00:04:55-createFile zz-5===>T:\$_wakeUp_1.txt
13/03/2024 00:05:03-runTemporisation_ok-Suppression du fichier :T:\$_wakeUp_1.txt
13/03/2024 00:05:03-runTemporisation_ok-R:\$_wakeUp_2.txt
13/03/2024 00:05:03-createFile-createFile-1
13/03/2024 00:05:03-createFile-2
13/03/2024 00:05:03-createFile-Tentative d'accès au lecteur R:\$_wakeUp_2.txt (1 / 2)
13/03/2024 00:05:03-createFile-3
13/03/2024 00:05:03-createFile-4===>R:\$_wakeUp_2.txt
13/03/2024 00:05:03-createFile zz-5===>R:\$_wakeUp_2.txt
13/03/2024 00:05:07-runTemporisation_ok-Suppression du fichier :R:\$_wakeUp_2.txt
13/03/2024 00:05:07-runTemporisation_ok-S:\$_wakeUp_2.txt
13/03/2024 00:05:07-createFile-createFile-1
13/03/2024 00:05:07-createFile-2
13/03/2024 00:05:07-createFile-Tentative d'accès au lecteur S:\$_wakeUp_2.txt (1 / 2)
13/03/2024 00:05:07-createFile-3
13/03/2024 00:05:07-createFile-4===>S:\$_wakeUp_2.txt
13/03/2024 00:05:07-createFile zz-5===>S:\$_wakeUp_2.txt
13/03/2024 00:05:13-runTemporisation_ok-Suppression du fichier :S:\$_wakeUp_2.txt
13/03/2024 00:05:13-runTemporisation_ok-T:\$_wakeUp_2.txt
13/03/2024 00:05:13-createFile-createFile-1
13/03/2024 00:05:13-createFile-2
13/03/2024 00:05:13-createFile-Tentative d'accès au lecteur T:\$_wakeUp_2.txt (1 / 2)
13/03/2024 00:05:13-createFile-3
13/03/2024 00:05:13-createFile-4===>T:\$_wakeUp_2.txt
13/03/2024 00:05:13-createFile zz-5===>T:\$_wakeUp_2.txt
13/03/2024 00:05:23-event_stopTemporisation-Arrêt de la temporisation, veuillez patienter !
13/03/2024 00:05:26-clearTempFile-suppression de  : R:\$_isRuning.txt
13/03/2024 00:05:26-clearTempFile-suppression de  : S:\$_isRuning.txt
13/03/2024 00:05:26-clearTempFile-suppression de  : T:\$_isRuning.txt
13/03/2024 00:06:16-Window_onUnload-
